
ROM used:   4705 (57%)
            4771 (58%) including unused fragments

            3 Average locations per line
            8 Average locations per statement

RAM used:   36 (10%) at main() level
            62 (17%) worst case

Stack used: 8/8 worst case (8 in main + 0 for interrupts)

Lines Stmts  %   Files
----- ----- ---  -----
  619   383  63  main.c
  330     0   0  C:\Program Files (x86)\PICC\devices\16f877A.h
  246    68  11  flex_lcd.c
  130    44   7  1wire.c
   54    28   5  ds1820.c
  154    85  14  DS1307.c
----- -----
 1533   608 Total

Page ROM  %  RAM   Vol Diff  Functions:
---- --- --- ---   --- ----  ----------
0     20   0   1             @delay_ms1
0     15   0   1             @delay_us1
0      8   0   0             @const66
0     52   1   1   328  2.7  lcd_send_nibble
0     43   1   1   362  2.3  lcd_read_nibble
 Inline        3   165  3.3  lcd_read_byte
0     61   1   3   319  4.1  lcd_send_byte
 Inline        2   384  4.4  lcd_init
0     18   0   4   186  5.5  lcd_gotoxy
0     36   1   1   275  3.9  lcd_putc
0     25   1   1    86  1.3  onewire1_reset
0     25   1   1    86  1.3  onewire2_reset
0     40   1   2   272  4.3  onewire1_write
1     40   1   2   272  4.3  onewire2_write
0     41   1   2   284  4.6  onewire1_read
1     41   1   2   284  4.6  onewire2_read
 Inline       13   474  4.3  ds1820_read1
0     37   1   2             @SITOF
0    202   4  14             @DIVFF
 Inline       13   479  4.1  ds1820_read2
0     69   1   3             @I2C_READ_1
0     74   2   1             @I2C_WRITE_1
0     19   0   3   242  5.7  bin2bcd
0     19   0   3   155  4.7  bcd2bin
 Inline        2   437  2.4  ds1307_init
0     77   2   4   245  2.5  ds1307_set_time
 Inline        4   360  1.7  ds1307_get_time
2     85   2   2   616  4.8  MAIN
2    590  13   0  1476  5.8  Inicio
0      1   0   0             @const207
0     75   2   4             @PSTRINGC7_90
1     74   2   0   519  3.5  LeaAnalog
1    242   5   0   198  2.0  LeaTemp
0     31   1   4             @SFTOI
0    111   2   1   858  3.9  SaleCalor
0      9   0   0             @goto10465
1    137   3   0    50  1.5  Tiempo
0    643  14   3  5010  7.9  Teclado
0     12   0   0             @goto10635
1    531  11   3  2375  6.9  Pantalla
 Inline       13             @MULFF
 Inline        5             @FTOSD
0     79   2  13             @DIV3232
1    351   7  13             @PRINTF_L32D_90FPFPF
0     21   0   3             @DIV88
1     99   2   6             @PRINTF_D0_90
0      9   0   0             @const238
0      9   0   0             @const239
0      9   0   0             @const240
0      9   0   0             @const241
1     88   2   5             @PSTRINGCN7_90
1     99   2   6             @PRINTF_D_90
0     10   0   0             @const247
0     37   1   2             @MUL88
0      9   0   0             @const251
0     11   0   0             @const252
0      9   0   0             @const253
0     11   0   0             @const254
0      9   0   0             @const255
0      9   0   0             @const256
0      9   0   0             @const257
0      9   0   0             @const258
0      9   0   0             @const259
1     12   0   0             @goto10808
 Inline        3   819  5.9  Calefa
1     43   1   2   255  4.5  Automa
1    212   5   1   786  6.2  Criticos
1     26   1   0   132  3.0  ShutDown
 Inline        0   132  3.0  Apagado
 Inline        0             @cinit1

Program metrics:
    Functions               33
    Statements              608
    Comments                423
    Volume (V)              32485
    Difficulty (D)          128.7
    Effort to implement (E) 4181639
    Time to implement (T)   64 hours, 32 minutes
    Est Delivered Bugs (B)  9
    Cyclomatic Complexity   107
    Maintainability (MI)    54

 Segment     Used  Free
-----------  ----  ----
00000-00003     4  0  
00004-007FF  2031  13  
00800-00FFF  1995  53  
01000-017FF   675  1373  
01800-01FFF     0  2048  



